CRITICAL - 2025-03-03 07:04:56 --> TypeError: App\Controllers\Home::bus(): Return value must be of type App\Controllers\json, CodeIgniter\HTTP\Response returned
[Method: GET, Route: bus]
in APPPATH/Controllers/Home.php on line 16.
 1 SYSTEMPATH/CodeIgniter.php(933): App\Controllers\Home->bus()
 2 SYSTEMPATH/CodeIgniter.php(507): CodeIgniter\CodeIgniter->runController(Object(App\Controllers\Home))
 3 SYSTEMPATH/CodeIgniter.php(354): CodeIgniter\CodeIgniter->handleRequest(null, Object(Config\Cache), false)
 4 SYSTEMPATH/Boot.php(334): CodeIgniter\CodeIgniter->run()
 5 SYSTEMPATH/Boot.php(67): CodeIgniter\Boot::runCodeIgniter(Object(CodeIgniter\CodeIgniter))
 6 FCPATH/index.php(56): CodeIgniter\Boot::bootWeb(Object(Config\Paths))
 7 SYSTEMPATH/rewrite.php(44): require_once('/Users/ascaliko/Ascaliko/Programming/Projects/ngi/ci4_gps_bus/public/index.php')
CRITICAL - 2025-03-03 07:05:02 --> TypeError: App\Controllers\Home::bus(): Return value must be of type App\Controllers\json, CodeIgniter\HTTP\Response returned
[Method: GET, Route: bus]
in APPPATH/Controllers/Home.php on line 16.
 1 SYSTEMPATH/CodeIgniter.php(933): App\Controllers\Home->bus()
 2 SYSTEMPATH/CodeIgniter.php(507): CodeIgniter\CodeIgniter->runController(Object(App\Controllers\Home))
 3 SYSTEMPATH/CodeIgniter.php(354): CodeIgniter\CodeIgniter->handleRequest(null, Object(Config\Cache), false)
 4 SYSTEMPATH/Boot.php(334): CodeIgniter\CodeIgniter->run()
 5 SYSTEMPATH/Boot.php(67): CodeIgniter\Boot::runCodeIgniter(Object(CodeIgniter\CodeIgniter))
 6 FCPATH/index.php(56): CodeIgniter\Boot::bootWeb(Object(Config\Paths))
 7 SYSTEMPATH/rewrite.php(44): require_once('/Users/ascaliko/Ascaliko/Programming/Projects/ngi/ci4_gps_bus/public/index.php')
CRITICAL - 2025-03-03 07:05:30 --> TypeError: App\Controllers\Home::bus(): Return value must be of type string, CodeIgniter\HTTP\Response returned
[Method: GET, Route: bus]
in APPPATH/Controllers/Home.php on line 16.
 1 SYSTEMPATH/CodeIgniter.php(933): App\Controllers\Home->bus()
 2 SYSTEMPATH/CodeIgniter.php(507): CodeIgniter\CodeIgniter->runController(Object(App\Controllers\Home))
 3 SYSTEMPATH/CodeIgniter.php(354): CodeIgniter\CodeIgniter->handleRequest(null, Object(Config\Cache), false)
 4 SYSTEMPATH/Boot.php(334): CodeIgniter\CodeIgniter->run()
 5 SYSTEMPATH/Boot.php(67): CodeIgniter\Boot::runCodeIgniter(Object(CodeIgniter\CodeIgniter))
 6 FCPATH/index.php(56): CodeIgniter\Boot::bootWeb(Object(Config\Paths))
 7 SYSTEMPATH/rewrite.php(44): require_once('/Users/ascaliko/Ascaliko/Programming/Projects/ngi/ci4_gps_bus/public/index.php')
CRITICAL - 2025-03-03 07:05:51 --> TypeError: App\Controllers\Home::bus(): Return value must be of type string, CodeIgniter\HTTP\Response returned
[Method: GET, Route: bus]
in APPPATH/Controllers/Home.php on line 16.
 1 SYSTEMPATH/CodeIgniter.php(933): App\Controllers\Home->bus()
 2 SYSTEMPATH/CodeIgniter.php(507): CodeIgniter\CodeIgniter->runController(Object(App\Controllers\Home))
 3 SYSTEMPATH/CodeIgniter.php(354): CodeIgniter\CodeIgniter->handleRequest(null, Object(Config\Cache), false)
 4 SYSTEMPATH/Boot.php(334): CodeIgniter\CodeIgniter->run()
 5 SYSTEMPATH/Boot.php(67): CodeIgniter\Boot::runCodeIgniter(Object(CodeIgniter\CodeIgniter))
 6 FCPATH/index.php(56): CodeIgniter\Boot::bootWeb(Object(Config\Paths))
 7 SYSTEMPATH/rewrite.php(44): require_once('/Users/ascaliko/Ascaliko/Programming/Projects/ngi/ci4_gps_bus/public/index.php')
CRITICAL - 2025-03-03 07:10:38 --> ErrorException: Undefined property: App\Controllers\Home::$db
[Method: GET, Route: bus]
in APPPATH/Controllers/Home.php on line 25.
 1 APPPATH/Controllers/Home.php(25): CodeIgniter\Debug\Exceptions->errorHandler(2, 'Undefined property: App\\Controllers\\Home::$db', '/Users/ascaliko/Ascaliko/Programming/Projects/ngi/ci4_gps_bus/app/Controllers/Home.php', 25)
 2 SYSTEMPATH/CodeIgniter.php(933): App\Controllers\Home->bus()
 3 SYSTEMPATH/CodeIgniter.php(507): CodeIgniter\CodeIgniter->runController(Object(App\Controllers\Home))
 4 SYSTEMPATH/CodeIgniter.php(354): CodeIgniter\CodeIgniter->handleRequest(null, Object(Config\Cache), false)
 5 SYSTEMPATH/Boot.php(334): CodeIgniter\CodeIgniter->run()
 6 SYSTEMPATH/Boot.php(67): CodeIgniter\Boot::runCodeIgniter(Object(CodeIgniter\CodeIgniter))
 7 FCPATH/index.php(56): CodeIgniter\Boot::bootWeb(Object(Config\Paths))
 8 SYSTEMPATH/rewrite.php(44): require_once('/Users/ascaliko/Ascaliko/Programming/Projects/ngi/ci4_gps_bus/public/index.php')
ERROR - 2025-03-03 07:13:36 --> Error connecting to the database: mysqli_sql_exception: Operation timed out in /Users/ascaliko/Ascaliko/Programming/Projects/ngi/ci4_gps_bus/system/Database/MySQLi/Connection.php:201
Stack trace:
#0 /Users/ascaliko/Ascaliko/Programming/Projects/ngi/ci4_gps_bus/system/Database/MySQLi/Connection.php(201): mysqli->real_connect('192.168.49.102', 'gps_user', Object(SensitiveParameterValue), 'gps_bus_db', 5000, '', 0)
#1 /Users/ascaliko/Ascaliko/Programming/Projects/ngi/ci4_gps_bus/system/Database/BaseConnection.php(421): CodeIgniter\Database\MySQLi\Connection->connect(false)
#2 /Users/ascaliko/Ascaliko/Programming/Projects/ngi/ci4_gps_bus/system/Database/BaseConnection.php(620): CodeIgniter\Database\BaseConnection->initialize()
#3 /Users/ascaliko/Ascaliko/Programming/Projects/ngi/ci4_gps_bus/app/Controllers/Home.php(26): CodeIgniter\Database\BaseConnection->query('SELECT * FROM v...', Array)
#4 /Users/ascaliko/Ascaliko/Programming/Projects/ngi/ci4_gps_bus/system/CodeIgniter.php(933): App\Controllers\Home->bus()
#5 /Users/ascaliko/Ascaliko/Programming/Projects/ngi/ci4_gps_bus/system/CodeIgniter.php(507): CodeIgniter\CodeIgniter->runController(Object(App\Controllers\Home))
#6 /Users/ascaliko/Ascaliko/Programming/Projects/ngi/ci4_gps_bus/system/CodeIgniter.php(354): CodeIgniter\CodeIgniter->handleRequest(NULL, Object(Config\Cache), false)
#7 /Users/ascaliko/Ascaliko/Programming/Projects/ngi/ci4_gps_bus/system/Boot.php(334): CodeIgniter\CodeIgniter->run()
#8 /Users/ascaliko/Ascaliko/Programming/Projects/ngi/ci4_gps_bus/system/Boot.php(67): CodeIgniter\Boot::runCodeIgniter(Object(CodeIgniter\CodeIgniter))
#9 /Users/ascaliko/Ascaliko/Programming/Projects/ngi/ci4_gps_bus/public/index.php(56): CodeIgniter\Boot::bootWeb(Object(Config\Paths))
#10 /Users/ascaliko/Ascaliko/Programming/Projects/ngi/ci4_gps_bus/system/rewrite.php(44): require_once('/Users/ascaliko...')
#11 {main}

Next CodeIgniter\Database\Exceptions\DatabaseException: Operation timed out in /Users/ascaliko/Ascaliko/Programming/Projects/ngi/ci4_gps_bus/system/Database/MySQLi/Connection.php:246
Stack trace:
#0 /Users/ascaliko/Ascaliko/Programming/Projects/ngi/ci4_gps_bus/system/Database/BaseConnection.php(421): CodeIgniter\Database\MySQLi\Connection->connect(false)
#1 /Users/ascaliko/Ascaliko/Programming/Projects/ngi/ci4_gps_bus/system/Database/BaseConnection.php(620): CodeIgniter\Database\BaseConnection->initialize()
#2 /Users/ascaliko/Ascaliko/Programming/Projects/ngi/ci4_gps_bus/app/Controllers/Home.php(26): CodeIgniter\Database\BaseConnection->query('SELECT * FROM v...', Array)
#3 /Users/ascaliko/Ascaliko/Programming/Projects/ngi/ci4_gps_bus/system/CodeIgniter.php(933): App\Controllers\Home->bus()
#4 /Users/ascaliko/Ascaliko/Programming/Projects/ngi/ci4_gps_bus/system/CodeIgniter.php(507): CodeIgniter\CodeIgniter->runController(Object(App\Controllers\Home))
#5 /Users/ascaliko/Ascaliko/Programming/Projects/ngi/ci4_gps_bus/system/CodeIgniter.php(354): CodeIgniter\CodeIgniter->handleRequest(NULL, Object(Config\Cache), false)
#6 /Users/ascaliko/Ascaliko/Programming/Projects/ngi/ci4_gps_bus/system/Boot.php(334): CodeIgniter\CodeIgniter->run()
#7 /Users/ascaliko/Ascaliko/Programming/Projects/ngi/ci4_gps_bus/system/Boot.php(67): CodeIgniter\Boot::runCodeIgniter(Object(CodeIgniter\CodeIgniter))
#8 /Users/ascaliko/Ascaliko/Programming/Projects/ngi/ci4_gps_bus/public/index.php(56): CodeIgniter\Boot::bootWeb(Object(Config\Paths))
#9 /Users/ascaliko/Ascaliko/Programming/Projects/ngi/ci4_gps_bus/system/rewrite.php(44): require_once('/Users/ascaliko...')
#10 {main}
CRITICAL - 2025-03-03 07:13:36 --> CodeIgniter\Database\Exceptions\DatabaseException: Unable to connect to the database.
Main connection [MySQLi]: Operation timed out
[Method: GET, Route: bus]
in SYSTEMPATH/Database/BaseConnection.php on line 467.
 1 SYSTEMPATH/Database/BaseConnection.php(620): CodeIgniter\Database\BaseConnection->initialize()
 2 APPPATH/Controllers/Home.php(26): CodeIgniter\Database\BaseConnection->query('SELECT * FROM vehicles WHERE route_type = ?', [...])
 3 SYSTEMPATH/CodeIgniter.php(933): App\Controllers\Home->bus()
 4 SYSTEMPATH/CodeIgniter.php(507): CodeIgniter\CodeIgniter->runController(Object(App\Controllers\Home))
 5 SYSTEMPATH/CodeIgniter.php(354): CodeIgniter\CodeIgniter->handleRequest(null, Object(Config\Cache), false)
 6 SYSTEMPATH/Boot.php(334): CodeIgniter\CodeIgniter->run()
 7 SYSTEMPATH/Boot.php(67): CodeIgniter\Boot::runCodeIgniter(Object(CodeIgniter\CodeIgniter))
 8 FCPATH/index.php(56): CodeIgniter\Boot::bootWeb(Object(Config\Paths))
 9 SYSTEMPATH/rewrite.php(44): require_once('/Users/ascaliko/Ascaliko/Programming/Projects/ngi/ci4_gps_bus/public/index.php')
ERROR - 2025-03-03 09:10:10 --> Error connecting to the database: mysqli_sql_exception: Operation timed out in /Users/ascaliko/Ascaliko/Programming/Projects/ngi/ci4_gps_bus/system/Database/MySQLi/Connection.php:202
Stack trace:
#0 /Users/ascaliko/Ascaliko/Programming/Projects/ngi/ci4_gps_bus/system/Database/MySQLi/Connection.php(202): mysqli->real_connect('192.168.49.102', 'gps_user', 'Pe@29ebTTO9', 'gps_bus_db', 5000, '', 0)
#1 /Users/ascaliko/Ascaliko/Programming/Projects/ngi/ci4_gps_bus/system/Database/BaseConnection.php(421): CodeIgniter\Database\MySQLi\Connection->connect(false)
#2 /Users/ascaliko/Ascaliko/Programming/Projects/ngi/ci4_gps_bus/system/Database/BaseConnection.php(620): CodeIgniter\Database\BaseConnection->initialize()
#3 /Users/ascaliko/Ascaliko/Programming/Projects/ngi/ci4_gps_bus/app/Controllers/Home.php(42): CodeIgniter\Database\BaseConnection->query('SELECT `id`, `g...', Array)
#4 /Users/ascaliko/Ascaliko/Programming/Projects/ngi/ci4_gps_bus/system/CodeIgniter.php(933): App\Controllers\Home->bus()
#5 /Users/ascaliko/Ascaliko/Programming/Projects/ngi/ci4_gps_bus/system/CodeIgniter.php(507): CodeIgniter\CodeIgniter->runController(Object(App\Controllers\Home))
#6 /Users/ascaliko/Ascaliko/Programming/Projects/ngi/ci4_gps_bus/system/CodeIgniter.php(354): CodeIgniter\CodeIgniter->handleRequest(NULL, Object(Config\Cache), false)
#7 /Users/ascaliko/Ascaliko/Programming/Projects/ngi/ci4_gps_bus/system/Boot.php(334): CodeIgniter\CodeIgniter->run()
#8 /Users/ascaliko/Ascaliko/Programming/Projects/ngi/ci4_gps_bus/system/Boot.php(67): CodeIgniter\Boot::runCodeIgniter(Object(CodeIgniter\CodeIgniter))
#9 /Users/ascaliko/Ascaliko/Programming/Projects/ngi/ci4_gps_bus/index.php(56): CodeIgniter\Boot::bootWeb(Object(Config\Paths))
#10 {main}

Next CodeIgniter\Database\Exceptions\DatabaseException: Operation timed out in /Users/ascaliko/Ascaliko/Programming/Projects/ngi/ci4_gps_bus/system/Database/MySQLi/Connection.php:246
Stack trace:
#0 /Users/ascaliko/Ascaliko/Programming/Projects/ngi/ci4_gps_bus/system/Database/BaseConnection.php(421): CodeIgniter\Database\MySQLi\Connection->connect(false)
#1 /Users/ascaliko/Ascaliko/Programming/Projects/ngi/ci4_gps_bus/system/Database/BaseConnection.php(620): CodeIgniter\Database\BaseConnection->initialize()
#2 /Users/ascaliko/Ascaliko/Programming/Projects/ngi/ci4_gps_bus/app/Controllers/Home.php(42): CodeIgniter\Database\BaseConnection->query('SELECT `id`, `g...', Array)
#3 /Users/ascaliko/Ascaliko/Programming/Projects/ngi/ci4_gps_bus/system/CodeIgniter.php(933): App\Controllers\Home->bus()
#4 /Users/ascaliko/Ascaliko/Programming/Projects/ngi/ci4_gps_bus/system/CodeIgniter.php(507): CodeIgniter\CodeIgniter->runController(Object(App\Controllers\Home))
#5 /Users/ascaliko/Ascaliko/Programming/Projects/ngi/ci4_gps_bus/system/CodeIgniter.php(354): CodeIgniter\CodeIgniter->handleRequest(NULL, Object(Config\Cache), false)
#6 /Users/ascaliko/Ascaliko/Programming/Projects/ngi/ci4_gps_bus/system/Boot.php(334): CodeIgniter\CodeIgniter->run()
#7 /Users/ascaliko/Ascaliko/Programming/Projects/ngi/ci4_gps_bus/system/Boot.php(67): CodeIgniter\Boot::runCodeIgniter(Object(CodeIgniter\CodeIgniter))
#8 /Users/ascaliko/Ascaliko/Programming/Projects/ngi/ci4_gps_bus/index.php(56): CodeIgniter\Boot::bootWeb(Object(Config\Paths))
#9 {main}
CRITICAL - 2025-03-03 09:10:10 --> CodeIgniter\Database\Exceptions\DatabaseException: Unable to connect to the database.
Main connection [MySQLi]: Operation timed out
[Method: GET, Route: bus]
in SYSTEMPATH/Database/BaseConnection.php on line 467.
 1 SYSTEMPATH/Database/BaseConnection.php(620): CodeIgniter\Database\BaseConnection->initialize()
 2 APPPATH/Controllers/Home.php(42): CodeIgniter\Database\BaseConnection->query('SELECT `id`, `gps_sn`, `route_type`, `nomor_kendaraan`, `nomor_kendaraan_clean`, `name_sender`, `name_client`, 
            `region`, `route`, `date_tracker`, `date_tracker_original`, `date_tracker_timestamp`, `timezone`, `acc`, `speed`, 
            `latitude`, `longitude`, `altitude`, `angle`, `odometer`, `address`, `battery_level`, `signal`, `gps_valid`, `created_at`, `updated_at`
            FROM vehicles WHERE route_type = ? 
            ORDER BY id ASC LIMIT ? OFFSET ?', [...])
 3 SYSTEMPATH/CodeIgniter.php(933): App\Controllers\Home->bus()
 4 SYSTEMPATH/CodeIgniter.php(507): CodeIgniter\CodeIgniter->runController(Object(App\Controllers\Home))
 5 SYSTEMPATH/CodeIgniter.php(354): CodeIgniter\CodeIgniter->handleRequest(null, Object(Config\Cache), false)
 6 SYSTEMPATH/Boot.php(334): CodeIgniter\CodeIgniter->run()
 7 SYSTEMPATH/Boot.php(67): CodeIgniter\Boot::runCodeIgniter(Object(CodeIgniter\CodeIgniter))
 8 FCPATH/index.php(56): CodeIgniter\Boot::bootWeb(Object(Config\Paths))
